

(Sys) Time of generate page: 1.4420831203461 AT 2018.10.01 5:16:42
(SQL query count) 22 AT 2018.10.01 5:16:42
(PHP ERR) call_user_func() expects parameter 1 to be a valid callback, non-static method MetaController::getSocialLinksMeta() should not be called statically G:\server\OSPanel\domains\rating-engine\fw\kernel\Components.php in line 135 AT 2018.10.01 5:16:42
(Log clear) fw/log//2018.09.26_268.log AT 2018.10.01 5:16:42
(Log clear) fw/log//2018.09.27_269.log AT 2018.10.01 5:16:42

(Sys) Time of generate page: 0.38302206993103 AT 2018.10.01 5:16:50
(SQL query count) 17 AT 2018.10.01 5:16:50
(PHP ERR) call_user_func() expects parameter 1 to be a valid callback, non-static method MetaController::getSocialLinksMeta() should not be called statically G:\server\OSPanel\domains\rating-engine\fw\kernel\Components.php in line 135 AT 2018.10.01 5:16:50

(Sys) Time of generate page: 0.036001920700073 AT 2018.10.01 5:16:53
(SQL query count) 7 AT 2018.10.01 5:16:53
(PHP ERR) call_user_func() expects parameter 1 to be a valid callback, non-static method MetaController::getSocialLinksMeta() should not be called statically G:\server\OSPanel\domains\rating-engine\fw\kernel\Components.php in line 135 AT 2018.10.01 5:16:53

(Sys) Time of generate page: 0.094005107879639 AT 2018.10.01 5:16:54
(SQL query count) 32 AT 2018.10.01 5:16:54
(PHP ERR) Undefined offset: 0 G:\server\OSPanel\domains\rating-engine\fw\kernel\DBIO.php in line 219 AT 2018.10.01 5:16:54

(Sys) Time of generate page: 0.035001993179321 AT 2018.10.01 5:16:54
(SQL query count) 1 AT 2018.10.01 5:16:54

(Sys) Time of generate page: 0.028002023696899 AT 2018.10.01 5:16:54
(SQL query count) 1 AT 2018.10.01 5:16:54

(Sys) Time of generate page: 0.01400089263916 AT 2018.10.01 5:16:54
(SQL query count) 1 AT 2018.10.01 5:16:54

(Sys) Time of generate page: 0.01400089263916 AT 2018.10.01 5:16:54
(SQL query count) 1 AT 2018.10.01 5:16:54

(Sys) Time of generate page: 0.016000986099243 AT 2018.10.01 5:16:54
(SQL query count) 1 AT 2018.10.01 5:16:54

(Sys) Time of generate page: 0.015000104904175 AT 2018.10.01 5:16:54
(SQL query count) 1 AT 2018.10.01 5:16:54

(Sys) Time of generate page: 0.015000820159912 AT 2018.10.01 5:16:54
(SQL query count) 1 AT 2018.10.01 5:16:54

(Sys) Time of generate page: 0.01400089263916 AT 2018.10.01 5:16:54
(SQL query count) 1 AT 2018.10.01 5:16:54
(PHP ERR) Undefined offset: 0 G:\server\OSPanel\domains\rating-engine\fw\kernel\DBIO.php in line 219 AT 2018.10.01 5:16:54

(Sys) Time of generate page: 0.023000955581665 AT 2018.10.01 5:16:54
(SQL query count) 1 AT 2018.10.01 5:16:54

(Sys) Time of generate page: 0.013999938964844 AT 2018.10.01 5:16:54
(SQL query count) 1 AT 2018.10.01 5:16:54

(Sys) Time of generate page: 0.013999938964844 AT 2018.10.01 5:16:54
(SQL query count) 1 AT 2018.10.01 5:16:54

(Sys) Time of generate page: 0.015001058578491 AT 2018.10.01 5:16:54
(SQL query count) 1 AT 2018.10.01 5:16:54

(Sys) Time of generate page: 0.015001058578491 AT 2018.10.01 5:16:54
(SQL query count) 1 AT 2018.10.01 5:16:54

(Sys) Time of generate page: 0.030002117156982 AT 2018.10.01 5:16:54
(SQL query count) 1 AT 2018.10.01 5:16:54

(Sys) Time of generate page: 0.01400089263916 AT 2018.10.01 5:16:54
(SQL query count) 1 AT 2018.10.01 5:16:54

(Sys) Time of generate page: 0.019001007080078 AT 2018.10.01 5:16:54
(SQL query count) 7 AT 2018.10.01 5:16:54
(PHP ERR) call_user_func() expects parameter 1 to be a valid callback, non-static method MetaController::getSocialLinksMeta() should not be called statically G:\server\OSPanel\domains\rating-engine\fw\kernel\Components.php in line 135 AT 2018.10.01 5:16:54

(Sys) Time of generate page: 0.019001007080078 AT 2018.10.01 5:16:54
(SQL query count) 7 AT 2018.10.01 5:16:54
(PHP ERR) call_user_func() expects parameter 1 to be a valid callback, non-static method MetaController::getSocialLinksMeta() should not be called statically G:\server\OSPanel\domains\rating-engine\fw\kernel\Components.php in line 135 AT 2018.10.01 5:16:54

(Sys) Time of generate page: 0.039002895355225 AT 2018.10.01 5:16:54
(SQL query count) 7 AT 2018.10.01 5:16:54
(PHP ERR) call_user_func() expects parameter 1 to be a valid callback, non-static method MetaController::getSocialLinksMeta() should not be called statically G:\server\OSPanel\domains\rating-engine\fw\kernel\Components.php in line 135 AT 2018.10.01 5:16:54

(Sys) Time of generate page: 0.018001079559326 AT 2018.10.01 5:16:54
(SQL query count) 7 AT 2018.10.01 5:16:54
(PHP ERR) call_user_func() expects parameter 1 to be a valid callback, non-static method MetaController::getSocialLinksMeta() should not be called statically G:\server\OSPanel\domains\rating-engine\fw\kernel\Components.php in line 135 AT 2018.10.01 5:16:54

(Sys) Time of generate page: 0.019001007080078 AT 2018.10.01 5:16:54
(SQL query count) 7 AT 2018.10.01 5:16:54
(PHP ERR) call_user_func() expects parameter 1 to be a valid callback, non-static method MetaController::getSocialLinksMeta() should not be called statically G:\server\OSPanel\domains\rating-engine\fw\kernel\Components.php in line 135 AT 2018.10.01 5:16:54

(Sys) Time of generate page: 0.018001079559326 AT 2018.10.01 5:16:54
(SQL query count) 7 AT 2018.10.01 5:16:54
(PHP ERR) call_user_func() expects parameter 1 to be a valid callback, non-static method MetaController::getSocialLinksMeta() should not be called statically G:\server\OSPanel\domains\rating-engine\fw\kernel\Components.php in line 135 AT 2018.10.01 5:16:54

(Sys) Time of generate page: 0.017000913619995 AT 2018.10.01 5:16:54
(SQL query count) 7 AT 2018.10.01 5:16:54
(PHP ERR) call_user_func() expects parameter 1 to be a valid callback, non-static method MetaController::getSocialLinksMeta() should not be called statically G:\server\OSPanel\domains\rating-engine\fw\kernel\Components.php in line 135 AT 2018.10.01 5:16:54

(Sys) Time of generate page: 0.018000841140747 AT 2018.10.01 5:16:54
(SQL query count) 7 AT 2018.10.01 5:16:54
(PHP ERR) call_user_func() expects parameter 1 to be a valid callback, non-static method MetaController::getSocialLinksMeta() should not be called statically G:\server\OSPanel\domains\rating-engine\fw\kernel\Components.php in line 135 AT 2018.10.01 5:16:54

(Sys) Time of generate page: 0.018000841140747 AT 2018.10.01 5:16:54
(SQL query count) 7 AT 2018.10.01 5:16:54
(PHP ERR) call_user_func() expects parameter 1 to be a valid callback, non-static method MetaController::getSocialLinksMeta() should not be called statically G:\server\OSPanel\domains\rating-engine\fw\kernel\Components.php in line 135 AT 2018.10.01 5:16:54

(Sys) Time of generate page: 0.018001079559326 AT 2018.10.01 5:16:54
(SQL query count) 7 AT 2018.10.01 5:16:54
(PHP ERR) call_user_func() expects parameter 1 to be a valid callback, non-static method MetaController::getSocialLinksMeta() should not be called statically G:\server\OSPanel\domains\rating-engine\fw\kernel\Components.php in line 135 AT 2018.10.01 5:16:54

(Sys) Time of generate page: 0.018001079559326 AT 2018.10.01 5:16:54
(SQL query count) 7 AT 2018.10.01 5:16:54
(PHP ERR) call_user_func() expects parameter 1 to be a valid callback, non-static method MetaController::getSocialLinksMeta() should not be called statically G:\server\OSPanel\domains\rating-engine\fw\kernel\Components.php in line 135 AT 2018.10.01 5:16:54

(Sys) Time of generate page: 0.018001079559326 AT 2018.10.01 5:16:54
(SQL query count) 7 AT 2018.10.01 5:16:54
(PHP ERR) call_user_func() expects parameter 1 to be a valid callback, non-static method MetaController::getSocialLinksMeta() should not be called statically G:\server\OSPanel\domains\rating-engine\fw\kernel\Components.php in line 135 AT 2018.10.01 5:16:54

(Sys) Time of generate page: 0.018000841140747 AT 2018.10.01 5:16:54
(SQL query count) 7 AT 2018.10.01 5:16:54
(PHP ERR) call_user_func() expects parameter 1 to be a valid callback, non-static method MetaController::getSocialLinksMeta() should not be called statically G:\server\OSPanel\domains\rating-engine\fw\kernel\Components.php in line 135 AT 2018.10.01 5:16:54

(Sys) Time of generate page: 0.018000841140747 AT 2018.10.01 5:16:54
(SQL query count) 7 AT 2018.10.01 5:16:54
(PHP ERR) call_user_func() expects parameter 1 to be a valid callback, non-static method MetaController::getSocialLinksMeta() should not be called statically G:\server\OSPanel\domains\rating-engine\fw\kernel\Components.php in line 135 AT 2018.10.01 5:16:54

(Sys) Time of generate page: 0.018000841140747 AT 2018.10.01 5:16:55
(SQL query count) 7 AT 2018.10.01 5:16:55
(PHP ERR) call_user_func() expects parameter 1 to be a valid callback, non-static method MetaController::getSocialLinksMeta() should not be called statically G:\server\OSPanel\domains\rating-engine\fw\kernel\Components.php in line 135 AT 2018.10.01 5:16:55

(Sys) Time of generate page: 0.018000841140747 AT 2018.10.01 5:16:55
(SQL query count) 7 AT 2018.10.01 5:16:55
(PHP ERR) call_user_func() expects parameter 1 to be a valid callback, non-static method MetaController::getSocialLinksMeta() should not be called statically G:\server\OSPanel\domains\rating-engine\fw\kernel\Components.php in line 135 AT 2018.10.01 5:16:55

(Sys) Time of generate page: 0.019001007080078 AT 2018.10.01 5:16:55
(SQL query count) 7 AT 2018.10.01 5:16:55
(PHP ERR) call_user_func() expects parameter 1 to be a valid callback, non-static method MetaController::getSocialLinksMeta() should not be called statically G:\server\OSPanel\domains\rating-engine\fw\kernel\Components.php in line 135 AT 2018.10.01 5:16:55

(Sys) Time of generate page: 0.018001079559326 AT 2018.10.01 5:16:55
(SQL query count) 7 AT 2018.10.01 5:16:55
(PHP ERR) call_user_func() expects parameter 1 to be a valid callback, non-static method MetaController::getSocialLinksMeta() should not be called statically G:\server\OSPanel\domains\rating-engine\fw\kernel\Components.php in line 135 AT 2018.10.01 5:16:55

(Sys) Time of generate page: 0.018001079559326 AT 2018.10.01 5:16:55
(SQL query count) 7 AT 2018.10.01 5:16:55
(PHP ERR) call_user_func() expects parameter 1 to be a valid callback, non-static method MetaController::getSocialLinksMeta() should not be called statically G:\server\OSPanel\domains\rating-engine\fw\kernel\Components.php in line 135 AT 2018.10.01 5:16:55

(Sys) Time of generate page: 0.018001079559326 AT 2018.10.01 5:16:55
(SQL query count) 7 AT 2018.10.01 5:16:55
(PHP ERR) call_user_func() expects parameter 1 to be a valid callback, non-static method MetaController::getSocialLinksMeta() should not be called statically G:\server\OSPanel\domains\rating-engine\fw\kernel\Components.php in line 135 AT 2018.10.01 5:16:55

(Sys) Time of generate page: 0.018000841140747 AT 2018.10.01 5:16:55
(SQL query count) 7 AT 2018.10.01 5:16:55
(PHP ERR) call_user_func() expects parameter 1 to be a valid callback, non-static method MetaController::getSocialLinksMeta() should not be called statically G:\server\OSPanel\domains\rating-engine\fw\kernel\Components.php in line 135 AT 2018.10.01 5:16:55

(Sys) Time of generate page: 0.018001079559326 AT 2018.10.01 5:16:55
(SQL query count) 7 AT 2018.10.01 5:16:55
(PHP ERR) call_user_func() expects parameter 1 to be a valid callback, non-static method MetaController::getSocialLinksMeta() should not be called statically G:\server\OSPanel\domains\rating-engine\fw\kernel\Components.php in line 135 AT 2018.10.01 5:16:55

(Sys) Time of generate page: 0.019001007080078 AT 2018.10.01 5:16:55
(SQL query count) 7 AT 2018.10.01 5:16:55
(PHP ERR) call_user_func() expects parameter 1 to be a valid callback, non-static method MetaController::getSocialLinksMeta() should not be called statically G:\server\OSPanel\domains\rating-engine\fw\kernel\Components.php in line 135 AT 2018.10.01 5:16:55

(Sys) Time of generate page: 0.018000841140747 AT 2018.10.01 5:16:55
(SQL query count) 7 AT 2018.10.01 5:16:55
(PHP ERR) call_user_func() expects parameter 1 to be a valid callback, non-static method MetaController::getSocialLinksMeta() should not be called statically G:\server\OSPanel\domains\rating-engine\fw\kernel\Components.php in line 135 AT 2018.10.01 5:16:55

(Sys) Time of generate page: 0.018000841140747 AT 2018.10.01 5:16:55
(SQL query count) 7 AT 2018.10.01 5:16:55
(PHP ERR) call_user_func() expects parameter 1 to be a valid callback, non-static method MetaController::getSocialLinksMeta() should not be called statically G:\server\OSPanel\domains\rating-engine\fw\kernel\Components.php in line 135 AT 2018.10.01 5:16:55

(Sys) Time of generate page: 0.018002033233643 AT 2018.10.01 5:16:55
(SQL query count) 7 AT 2018.10.01 5:16:55
(PHP ERR) call_user_func() expects parameter 1 to be a valid callback, non-static method MetaController::getSocialLinksMeta() should not be called statically G:\server\OSPanel\domains\rating-engine\fw\kernel\Components.php in line 135 AT 2018.10.01 5:16:55

(Sys) Time of generate page: 0.018001079559326 AT 2018.10.01 5:16:55
(SQL query count) 7 AT 2018.10.01 5:16:55
(PHP ERR) call_user_func() expects parameter 1 to be a valid callback, non-static method MetaController::getSocialLinksMeta() should not be called statically G:\server\OSPanel\domains\rating-engine\fw\kernel\Components.php in line 135 AT 2018.10.01 5:16:55

(Sys) Time of generate page: 0.018000841140747 AT 2018.10.01 5:16:55
(SQL query count) 7 AT 2018.10.01 5:16:55
(PHP ERR) call_user_func() expects parameter 1 to be a valid callback, non-static method MetaController::getSocialLinksMeta() should not be called statically G:\server\OSPanel\domains\rating-engine\fw\kernel\Components.php in line 135 AT 2018.10.01 5:16:55

(Sys) Time of generate page: 0.018002033233643 AT 2018.10.01 5:16:55
(SQL query count) 7 AT 2018.10.01 5:16:55
(PHP ERR) call_user_func() expects parameter 1 to be a valid callback, non-static method MetaController::getSocialLinksMeta() should not be called statically G:\server\OSPanel\domains\rating-engine\fw\kernel\Components.php in line 135 AT 2018.10.01 5:16:55

(Sys) Time of generate page: 0.017001152038574 AT 2018.10.01 5:16:55
(SQL query count) 7 AT 2018.10.01 5:16:55
(PHP ERR) call_user_func() expects parameter 1 to be a valid callback, non-static method MetaController::getSocialLinksMeta() should not be called statically G:\server\OSPanel\domains\rating-engine\fw\kernel\Components.php in line 135 AT 2018.10.01 5:16:55

(Sys) Time of generate page: 0.018001079559326 AT 2018.10.01 5:16:55
(SQL query count) 7 AT 2018.10.01 5:16:55
(PHP ERR) call_user_func() expects parameter 1 to be a valid callback, non-static method MetaController::getSocialLinksMeta() should not be called statically G:\server\OSPanel\domains\rating-engine\fw\kernel\Components.php in line 135 AT 2018.10.01 5:16:55

(Sys) Time of generate page: 0.018001079559326 AT 2018.10.01 5:16:55
(SQL query count) 7 AT 2018.10.01 5:16:55
(PHP ERR) call_user_func() expects parameter 1 to be a valid callback, non-static method MetaController::getSocialLinksMeta() should not be called statically G:\server\OSPanel\domains\rating-engine\fw\kernel\Components.php in line 135 AT 2018.10.01 5:16:55

(Sys) Time of generate page: 0.018001079559326 AT 2018.10.01 5:16:55
(SQL query count) 7 AT 2018.10.01 5:16:55
(PHP ERR) call_user_func() expects parameter 1 to be a valid callback, non-static method MetaController::getSocialLinksMeta() should not be called statically G:\server\OSPanel\domains\rating-engine\fw\kernel\Components.php in line 135 AT 2018.10.01 5:16:55

(Sys) Time of generate page: 0.018000841140747 AT 2018.10.01 5:16:55
(SQL query count) 7 AT 2018.10.01 5:16:55
(PHP ERR) call_user_func() expects parameter 1 to be a valid callback, non-static method MetaController::getSocialLinksMeta() should not be called statically G:\server\OSPanel\domains\rating-engine\fw\kernel\Components.php in line 135 AT 2018.10.01 5:16:55

(Sys) Time of generate page: 0.018001079559326 AT 2018.10.01 5:16:55
(SQL query count) 7 AT 2018.10.01 5:16:55
(PHP ERR) call_user_func() expects parameter 1 to be a valid callback, non-static method MetaController::getSocialLinksMeta() should not be called statically G:\server\OSPanel\domains\rating-engine\fw\kernel\Components.php in line 135 AT 2018.10.01 5:16:55

(Sys) Time of generate page: 0.018002033233643 AT 2018.10.01 5:16:55
(SQL query count) 7 AT 2018.10.01 5:16:55
(PHP ERR) call_user_func() expects parameter 1 to be a valid callback, non-static method MetaController::getSocialLinksMeta() should not be called statically G:\server\OSPanel\domains\rating-engine\fw\kernel\Components.php in line 135 AT 2018.10.01 5:16:55

(Sys) Time of generate page: 0.017000913619995 AT 2018.10.01 5:16:55
(SQL query count) 7 AT 2018.10.01 5:16:55
(PHP ERR) call_user_func() expects parameter 1 to be a valid callback, non-static method MetaController::getSocialLinksMeta() should not be called statically G:\server\OSPanel\domains\rating-engine\fw\kernel\Components.php in line 135 AT 2018.10.01 5:16:55

(Sys) Time of generate page: 0.018000841140747 AT 2018.10.01 5:16:55
(SQL query count) 7 AT 2018.10.01 5:16:55
(PHP ERR) call_user_func() expects parameter 1 to be a valid callback, non-static method MetaController::getSocialLinksMeta() should not be called statically G:\server\OSPanel\domains\rating-engine\fw\kernel\Components.php in line 135 AT 2018.10.01 5:16:55

(Sys) Time of generate page: 0.018000841140747 AT 2018.10.01 5:16:55
(SQL query count) 7 AT 2018.10.01 5:16:55
(PHP ERR) call_user_func() expects parameter 1 to be a valid callback, non-static method MetaController::getSocialLinksMeta() should not be called statically G:\server\OSPanel\domains\rating-engine\fw\kernel\Components.php in line 135 AT 2018.10.01 5:16:55

(Sys) Time of generate page: 0.018001079559326 AT 2018.10.01 5:16:55
(SQL query count) 7 AT 2018.10.01 5:16:55
(PHP ERR) call_user_func() expects parameter 1 to be a valid callback, non-static method MetaController::getSocialLinksMeta() should not be called statically G:\server\OSPanel\domains\rating-engine\fw\kernel\Components.php in line 135 AT 2018.10.01 5:16:55

(Sys) Time of generate page: 0.018001079559326 AT 2018.10.01 5:16:55
(SQL query count) 7 AT 2018.10.01 5:16:55
(PHP ERR) call_user_func() expects parameter 1 to be a valid callback, non-static method MetaController::getSocialLinksMeta() should not be called statically G:\server\OSPanel\domains\rating-engine\fw\kernel\Components.php in line 135 AT 2018.10.01 5:16:55

(Sys) Time of generate page: 0.017001152038574 AT 2018.10.01 5:16:55
(SQL query count) 7 AT 2018.10.01 5:16:55
(PHP ERR) call_user_func() expects parameter 1 to be a valid callback, non-static method MetaController::getSocialLinksMeta() should not be called statically G:\server\OSPanel\domains\rating-engine\fw\kernel\Components.php in line 135 AT 2018.10.01 5:16:55

(Sys) Time of generate page: 0.018001079559326 AT 2018.10.01 5:16:55
(SQL query count) 7 AT 2018.10.01 5:16:55
(PHP ERR) call_user_func() expects parameter 1 to be a valid callback, non-static method MetaController::getSocialLinksMeta() should not be called statically G:\server\OSPanel\domains\rating-engine\fw\kernel\Components.php in line 135 AT 2018.10.01 5:16:55

(Sys) Time of generate page: 0.018001079559326 AT 2018.10.01 5:16:55
(SQL query count) 7 AT 2018.10.01 5:16:55
(PHP ERR) call_user_func() expects parameter 1 to be a valid callback, non-static method MetaController::getSocialLinksMeta() should not be called statically G:\server\OSPanel\domains\rating-engine\fw\kernel\Components.php in line 135 AT 2018.10.01 5:16:55

(Sys) Time of generate page: 0.018001079559326 AT 2018.10.01 5:16:55
(SQL query count) 7 AT 2018.10.01 5:16:55
(PHP ERR) call_user_func() expects parameter 1 to be a valid callback, non-static method MetaController::getSocialLinksMeta() should not be called statically G:\server\OSPanel\domains\rating-engine\fw\kernel\Components.php in line 135 AT 2018.10.01 5:16:55

(Sys) Time of generate page: 0.018001079559326 AT 2018.10.01 5:16:55
(SQL query count) 7 AT 2018.10.01 5:16:55
(PHP ERR) call_user_func() expects parameter 1 to be a valid callback, non-static method MetaController::getSocialLinksMeta() should not be called statically G:\server\OSPanel\domains\rating-engine\fw\kernel\Components.php in line 135 AT 2018.10.01 5:16:55

(Sys) Time of generate page: 0.018001079559326 AT 2018.10.01 5:16:55
(SQL query count) 7 AT 2018.10.01 5:16:55
(PHP ERR) call_user_func() expects parameter 1 to be a valid callback, non-static method MetaController::getSocialLinksMeta() should not be called statically G:\server\OSPanel\domains\rating-engine\fw\kernel\Components.php in line 135 AT 2018.10.01 5:16:55

(Sys) Time of generate page: 0.16400909423828 AT 2018.10.01 5:16:55
(SQL query count) 20 AT 2018.10.01 5:16:55
(PHP ERR) call_user_func() expects parameter 1 to be a valid callback, non-static method MetaController::getSocialLinksMeta() should not be called statically G:\server\OSPanel\domains\rating-engine\fw\kernel\Components.php in line 135 AT 2018.10.01 5:16:55

(Sys) Time of generate page: 0.16300892829895 AT 2018.10.01 5:16:55
(SQL query count) 7 AT 2018.10.01 5:16:55
(PHP ERR) call_user_func() expects parameter 1 to be a valid callback, non-static method MetaController::getSocialLinksMeta() should not be called statically G:\server\OSPanel\domains\rating-engine\fw\kernel\Components.php in line 135 AT 2018.10.01 5:16:55

(Sys) Time of generate page: 0.79404497146606 AT 2018.10.01 5:17:09
(SQL query count) 22 AT 2018.10.01 5:17:09
(PHP ERR) call_user_func() expects parameter 1 to be a valid callback, non-static method MetaController::getSocialLinksMeta() should not be called statically G:\server\OSPanel\domains\rating-engine\fw\kernel\Components.php in line 135 AT 2018.10.01 5:17:09

(Sys) Time of generate page: 0.55603194236755 AT 2018.10.01 5:17:24
(SQL query count) 22 AT 2018.10.01 5:17:24
(PHP ERR) call_user_func() expects parameter 1 to be a valid callback, non-static method MetaController::getSocialLinksMeta() should not be called statically G:\server\OSPanel\domains\rating-engine\fw\kernel\Components.php in line 135 AT 2018.10.01 5:17:24

(Sys) Time of generate page: 0.89605116844177 AT 2018.10.01 5:17:35
(SQL query count) 22 AT 2018.10.01 5:17:35
(PHP ERR) call_user_func() expects parameter 1 to be a valid callback, non-static method MetaController::getSocialLinksMeta() should not be called statically G:\server\OSPanel\domains\rating-engine\fw\kernel\Components.php in line 135 AT 2018.10.01 5:17:35

(Sys) Time of generate page: 0.60303401947021 AT 2018.10.01 5:17:56
(SQL query count) 22 AT 2018.10.01 5:17:56
(PHP ERR) call_user_func() expects parameter 1 to be a valid callback, non-static method MetaController::getSocialLinksMeta() should not be called statically G:\server\OSPanel\domains\rating-engine\fw\kernel\Components.php in line 135 AT 2018.10.01 5:17:56

(Sys) Time of generate page: 0.57903409004211 AT 2018.10.01 5:18:00
(SQL query count) 22 AT 2018.10.01 5:18:00
(PHP ERR) call_user_func() expects parameter 1 to be a valid callback, non-static method MetaController::getSocialLinksMeta() should not be called statically G:\server\OSPanel\domains\rating-engine\fw\kernel\Components.php in line 135 AT 2018.10.01 5:18:00

(Sys) Time of generate page: 0.57003211975098 AT 2018.10.01 5:18:03
(SQL query count) 22 AT 2018.10.01 5:18:03
(PHP ERR) call_user_func() expects parameter 1 to be a valid callback, non-static method MetaController::getSocialLinksMeta() should not be called statically G:\server\OSPanel\domains\rating-engine\fw\kernel\Components.php in line 135 AT 2018.10.01 5:18:03

(Sys) Time of generate page: 0.58403301239014 AT 2018.10.01 5:18:18
(SQL query count) 22 AT 2018.10.01 5:18:18
(PHP ERR) call_user_func() expects parameter 1 to be a valid callback, non-static method MetaController::getSocialLinksMeta() should not be called statically G:\server\OSPanel\domains\rating-engine\fw\kernel\Components.php in line 135 AT 2018.10.01 5:18:18

(Sys) Time of generate page: 0.56103205680847 AT 2018.10.01 5:18:21
(SQL query count) 22 AT 2018.10.01 5:18:21
(PHP ERR) call_user_func() expects parameter 1 to be a valid callback, non-static method MetaController::getSocialLinksMeta() should not be called statically G:\server\OSPanel\domains\rating-engine\fw\kernel\Components.php in line 135 AT 2018.10.01 5:18:21

(Sys) Time of generate page: 0.60203504562378 AT 2018.10.01 5:18:33
(SQL query count) 22 AT 2018.10.01 5:18:33
(PHP ERR) call_user_func() expects parameter 1 to be a valid callback, non-static method MetaController::getSocialLinksMeta() should not be called statically G:\server\OSPanel\domains\rating-engine\fw\kernel\Components.php in line 135 AT 2018.10.01 5:18:33

(Sys) Time of generate page: 0.57203316688538 AT 2018.10.01 5:20:26
(SQL query count) 22 AT 2018.10.01 5:20:26
(PHP ERR) call_user_func() expects parameter 1 to be a valid callback, non-static method MetaController::getSocialLinksMeta() should not be called statically G:\server\OSPanel\domains\rating-engine\fw\kernel\Components.php in line 135 AT 2018.10.01 5:20:26