

(Sys) Time of generate page: 0.17200994491577 AT 2018.09.29 15:07:27
(SQL query count) 7 AT 2018.09.29 15:07:27
(PHP ERR) call_user_func() expects parameter 1 to be a valid callback, non-static method MetaController::getSocialLinksMeta() should not be called statically G:\server\OSPanel\domains\rating-engine\fw\kernel\components.php in line 130 AT 2018.09.29 15:07:27
(Log clear) fw/log/2018.09.25_267.log AT 2018.09.29 15:07:27

(Sys) Time of generate page: 0.23301386833191 AT 2018.09.29 15:07:28
(SQL query count) 26 AT 2018.09.29 15:07:28
(SQL ERROR) SELECT * FROM `Cats` WHERE `id`='1' AT 2018.09.29 15:07:28
(SQL ERROR) SELECT * FROM `Cats` WHERE `id`='1' AT 2018.09.29 15:07:28
(SQL ERROR) SELECT * FROM `Cats` WHERE `id`='1' AT 2018.09.29 15:07:28
(SQL ERROR) SELECT * FROM `Site` WHERE `profileid`='12' AT 2018.09.29 15:07:28
(SQL ERROR) SELECT * FROM `Cats` WHERE `id`='2' AT 2018.09.29 15:07:28
(SQL ERROR) SELECT * FROM `Cats` WHERE `id`='2' AT 2018.09.29 15:07:28
(PHP ERR) Undefined index: name G:\server\OSPanel\domains\rating-engine\fw\kernel\packageControll.php in line 36 AT 2018.09.29 15:07:28

(Sys) Time of generate page: 0.056004047393799 AT 2018.09.29 15:07:28
(SQL query count) 1 AT 2018.09.29 15:07:28
(PHP ERR) Undefined index: name G:\server\OSPanel\domains\rating-engine\fw\kernel\packageControll.php in line 36 AT 2018.09.29 15:07:28

(Sys) Time of generate page: 0.028002023696899 AT 2018.09.29 15:07:28
(SQL query count) 1 AT 2018.09.29 15:07:28
(PHP ERR) Undefined index: name G:\server\OSPanel\domains\rating-engine\fw\kernel\packageControll.php in line 36 AT 2018.09.29 15:07:28

(Sys) Time of generate page: 0.014999866485596 AT 2018.09.29 15:07:28
(SQL query count) 1 AT 2018.09.29 15:07:28
(PHP ERR) Undefined index: name G:\server\OSPanel\domains\rating-engine\fw\kernel\packageControll.php in line 36 AT 2018.09.29 15:07:28

(Sys) Time of generate page: 0.018001079559326 AT 2018.09.29 15:07:28
(SQL query count) 1 AT 2018.09.29 15:07:28
(PHP ERR) Undefined index: name G:\server\OSPanel\domains\rating-engine\fw\kernel\packageControll.php in line 36 AT 2018.09.29 15:07:28

(Sys) Time of generate page: 0.017000913619995 AT 2018.09.29 15:07:28
(SQL query count) 1 AT 2018.09.29 15:07:28
(PHP ERR) Undefined index: name G:\server\OSPanel\domains\rating-engine\fw\kernel\packageControll.php in line 36 AT 2018.09.29 15:07:28

(Sys) Time of generate page: 0.015001058578491 AT 2018.09.29 15:07:28
(SQL query count) 1 AT 2018.09.29 15:07:28
(PHP ERR) Undefined index: name G:\server\OSPanel\domains\rating-engine\fw\kernel\packageControll.php in line 36 AT 2018.09.29 15:07:28

(Sys) Time of generate page: 0.015000820159912 AT 2018.09.29 15:07:28
(SQL query count) 1 AT 2018.09.29 15:07:28
(PHP ERR) Undefined index: name G:\server\OSPanel\domains\rating-engine\fw\kernel\packageControll.php in line 36 AT 2018.09.29 15:07:28

(Sys) Time of generate page: 0.016000986099243 AT 2018.09.29 15:07:28
(SQL query count) 0 AT 2018.09.29 15:07:28
(SQL ERROR) SELECT * FROM `Site` WHERE `id`='undefined' AT 2018.09.29 15:07:28
(PHP ERR) Undefined index: name G:\server\OSPanel\domains\rating-engine\fw\kernel\packageControll.php in line 36 AT 2018.09.29 15:07:28

(Sys) Time of generate page: 0.024000883102417 AT 2018.09.29 15:07:28
(SQL query count) 1 AT 2018.09.29 15:07:28
(PHP ERR) Undefined index: name G:\server\OSPanel\domains\rating-engine\fw\kernel\packageControll.php in line 36 AT 2018.09.29 15:07:28

(Sys) Time of generate page: 0.06200385093689 AT 2018.09.29 15:07:28
(SQL query count) 1 AT 2018.09.29 15:07:28
(PHP ERR) Undefined index: name G:\server\OSPanel\domains\rating-engine\fw\kernel\packageControll.php in line 36 AT 2018.09.29 15:07:28

(Sys) Time of generate page: 0.015000820159912 AT 2018.09.29 15:07:28
(SQL query count) 1 AT 2018.09.29 15:07:28
(PHP ERR) Undefined index: name G:\server\OSPanel\domains\rating-engine\fw\kernel\packageControll.php in line 36 AT 2018.09.29 15:07:28

(Sys) Time of generate page: 0.01400089263916 AT 2018.09.29 15:07:28
(SQL query count) 1 AT 2018.09.29 15:07:28
(PHP ERR) Undefined index: name G:\server\OSPanel\domains\rating-engine\fw\kernel\packageControll.php in line 36 AT 2018.09.29 15:07:28

(Sys) Time of generate page: 0.024002075195312 AT 2018.09.29 15:07:29
(SQL query count) 1 AT 2018.09.29 15:07:29
(PHP ERR) Undefined index: name G:\server\OSPanel\domains\rating-engine\fw\kernel\packageControll.php in line 36 AT 2018.09.29 15:07:29

(Sys) Time of generate page: 0.02900218963623 AT 2018.09.29 15:07:29
(SQL query count) 1 AT 2018.09.29 15:07:29
(PHP ERR) Undefined index: name G:\server\OSPanel\domains\rating-engine\fw\kernel\packageControll.php in line 36 AT 2018.09.29 15:07:29

(Sys) Time of generate page: 0.015001058578491 AT 2018.09.29 15:07:29
(SQL query count) 1 AT 2018.09.29 15:07:29
(PHP ERR) Undefined index: name G:\server\OSPanel\domains\rating-engine\fw\kernel\packageControll.php in line 36 AT 2018.09.29 15:07:29

(Sys) Time of generate page: 0.021001100540161 AT 2018.09.29 15:07:29
(SQL query count) 7 AT 2018.09.29 15:07:29
(PHP ERR) call_user_func() expects parameter 1 to be a valid callback, non-static method MetaController::getSocialLinksMeta() should not be called statically G:\server\OSPanel\domains\rating-engine\fw\kernel\components.php in line 130 AT 2018.09.29 15:07:29

(Sys) Time of generate page: 0.020001173019409 AT 2018.09.29 15:07:29
(SQL query count) 7 AT 2018.09.29 15:07:29
(PHP ERR) call_user_func() expects parameter 1 to be a valid callback, non-static method MetaController::getSocialLinksMeta() should not be called statically G:\server\OSPanel\domains\rating-engine\fw\kernel\components.php in line 130 AT 2018.09.29 15:07:29

(Sys) Time of generate page: 0.02000093460083 AT 2018.09.29 15:07:29
(SQL query count) 7 AT 2018.09.29 15:07:29
(PHP ERR) call_user_func() expects parameter 1 to be a valid callback, non-static method MetaController::getSocialLinksMeta() should not be called statically G:\server\OSPanel\domains\rating-engine\fw\kernel\components.php in line 130 AT 2018.09.29 15:07:29

(Sys) Time of generate page: 0.018000841140747 AT 2018.09.29 15:07:29
(SQL query count) 7 AT 2018.09.29 15:07:29
(PHP ERR) call_user_func() expects parameter 1 to be a valid callback, non-static method MetaController::getSocialLinksMeta() should not be called statically G:\server\OSPanel\domains\rating-engine\fw\kernel\components.php in line 130 AT 2018.09.29 15:07:29

(Sys) Time of generate page: 0.018001079559326 AT 2018.09.29 15:07:29
(SQL query count) 7 AT 2018.09.29 15:07:29
(PHP ERR) call_user_func() expects parameter 1 to be a valid callback, non-static method MetaController::getSocialLinksMeta() should not be called statically G:\server\OSPanel\domains\rating-engine\fw\kernel\components.php in line 130 AT 2018.09.29 15:07:29

(Sys) Time of generate page: 0.019001960754395 AT 2018.09.29 15:07:29
(SQL query count) 7 AT 2018.09.29 15:07:29
(PHP ERR) call_user_func() expects parameter 1 to be a valid callback, non-static method MetaController::getSocialLinksMeta() should not be called statically G:\server\OSPanel\domains\rating-engine\fw\kernel\components.php in line 130 AT 2018.09.29 15:07:29

(Sys) Time of generate page: 0.019001007080078 AT 2018.09.29 15:07:29
(SQL query count) 7 AT 2018.09.29 15:07:29
(PHP ERR) call_user_func() expects parameter 1 to be a valid callback, non-static method MetaController::getSocialLinksMeta() should not be called statically G:\server\OSPanel\domains\rating-engine\fw\kernel\components.php in line 130 AT 2018.09.29 15:07:29

(Sys) Time of generate page: 0.02000093460083 AT 2018.09.29 15:07:29
(SQL query count) 7 AT 2018.09.29 15:07:29
(PHP ERR) call_user_func() expects parameter 1 to be a valid callback, non-static method MetaController::getSocialLinksMeta() should not be called statically G:\server\OSPanel\domains\rating-engine\fw\kernel\components.php in line 130 AT 2018.09.29 15:07:29

(Sys) Time of generate page: 0.019002199172974 AT 2018.09.29 15:07:29
(SQL query count) 7 AT 2018.09.29 15:07:29
(PHP ERR) call_user_func() expects parameter 1 to be a valid callback, non-static method MetaController::getSocialLinksMeta() should not be called statically G:\server\OSPanel\domains\rating-engine\fw\kernel\components.php in line 130 AT 2018.09.29 15:07:29

(Sys) Time of generate page: 0.019001007080078 AT 2018.09.29 15:07:29
(SQL query count) 7 AT 2018.09.29 15:07:29
(PHP ERR) call_user_func() expects parameter 1 to be a valid callback, non-static method MetaController::getSocialLinksMeta() should not be called statically G:\server\OSPanel\domains\rating-engine\fw\kernel\components.php in line 130 AT 2018.09.29 15:07:29

(Sys) Time of generate page: 0.019001007080078 AT 2018.09.29 15:07:29
(SQL query count) 7 AT 2018.09.29 15:07:29
(PHP ERR) call_user_func() expects parameter 1 to be a valid callback, non-static method MetaController::getSocialLinksMeta() should not be called statically G:\server\OSPanel\domains\rating-engine\fw\kernel\components.php in line 130 AT 2018.09.29 15:07:29

(Sys) Time of generate page: 0.019001007080078 AT 2018.09.29 15:07:29
(SQL query count) 7 AT 2018.09.29 15:07:29
(PHP ERR) call_user_func() expects parameter 1 to be a valid callback, non-static method MetaController::getSocialLinksMeta() should not be called statically G:\server\OSPanel\domains\rating-engine\fw\kernel\components.php in line 130 AT 2018.09.29 15:07:29

(Sys) Time of generate page: 0.019000768661499 AT 2018.09.29 15:07:29
(SQL query count) 7 AT 2018.09.29 15:07:29
(PHP ERR) call_user_func() expects parameter 1 to be a valid callback, non-static method MetaController::getSocialLinksMeta() should not be called statically G:\server\OSPanel\domains\rating-engine\fw\kernel\components.php in line 130 AT 2018.09.29 15:07:29

(Sys) Time of generate page: 0.019001007080078 AT 2018.09.29 15:07:29
(SQL query count) 7 AT 2018.09.29 15:07:29
(PHP ERR) call_user_func() expects parameter 1 to be a valid callback, non-static method MetaController::getSocialLinksMeta() should not be called statically G:\server\OSPanel\domains\rating-engine\fw\kernel\components.php in line 130 AT 2018.09.29 15:07:29

(Sys) Time of generate page: 0.019001007080078 AT 2018.09.29 15:07:29
(SQL query count) 7 AT 2018.09.29 15:07:29
(PHP ERR) call_user_func() expects parameter 1 to be a valid callback, non-static method MetaController::getSocialLinksMeta() should not be called statically G:\server\OSPanel\domains\rating-engine\fw\kernel\components.php in line 130 AT 2018.09.29 15:07:29

(Sys) Time of generate page: 0.019001007080078 AT 2018.09.29 15:07:29
(SQL query count) 7 AT 2018.09.29 15:07:29
(PHP ERR) call_user_func() expects parameter 1 to be a valid callback, non-static method MetaController::getSocialLinksMeta() should not be called statically G:\server\OSPanel\domains\rating-engine\fw\kernel\components.php in line 130 AT 2018.09.29 15:07:29

(Sys) Time of generate page: 0.019001007080078 AT 2018.09.29 15:07:29
(SQL query count) 7 AT 2018.09.29 15:07:29
(PHP ERR) call_user_func() expects parameter 1 to be a valid callback, non-static method MetaController::getSocialLinksMeta() should not be called statically G:\server\OSPanel\domains\rating-engine\fw\kernel\components.php in line 130 AT 2018.09.29 15:07:29

(Sys) Time of generate page: 0.030000925064087 AT 2018.09.29 15:07:29
(SQL query count) 7 AT 2018.09.29 15:07:29
(PHP ERR) call_user_func() expects parameter 1 to be a valid callback, non-static method MetaController::getSocialLinksMeta() should not be called statically G:\server\OSPanel\domains\rating-engine\fw\kernel\components.php in line 130 AT 2018.09.29 15:07:29

(Sys) Time of generate page: 0.019001007080078 AT 2018.09.29 15:07:29
(SQL query count) 7 AT 2018.09.29 15:07:29
(PHP ERR) call_user_func() expects parameter 1 to be a valid callback, non-static method MetaController::getSocialLinksMeta() should not be called statically G:\server\OSPanel\domains\rating-engine\fw\kernel\components.php in line 130 AT 2018.09.29 15:07:29

(Sys) Time of generate page: 0.020001173019409 AT 2018.09.29 15:07:29
(SQL query count) 7 AT 2018.09.29 15:07:29
(PHP ERR) call_user_func() expects parameter 1 to be a valid callback, non-static method MetaController::getSocialLinksMeta() should not be called statically G:\server\OSPanel\domains\rating-engine\fw\kernel\components.php in line 130 AT 2018.09.29 15:07:29

(Sys) Time of generate page: 0.019001007080078 AT 2018.09.29 15:07:29
(SQL query count) 7 AT 2018.09.29 15:07:29
(PHP ERR) call_user_func() expects parameter 1 to be a valid callback, non-static method MetaController::getSocialLinksMeta() should not be called statically G:\server\OSPanel\domains\rating-engine\fw\kernel\components.php in line 130 AT 2018.09.29 15:07:29

(Sys) Time of generate page: 0.019001007080078 AT 2018.09.29 15:07:29
(SQL query count) 7 AT 2018.09.29 15:07:29
(PHP ERR) call_user_func() expects parameter 1 to be a valid callback, non-static method MetaController::getSocialLinksMeta() should not be called statically G:\server\OSPanel\domains\rating-engine\fw\kernel\components.php in line 130 AT 2018.09.29 15:07:29

(Sys) Time of generate page: 0.019001007080078 AT 2018.09.29 15:07:29
(SQL query count) 7 AT 2018.09.29 15:07:29
(PHP ERR) call_user_func() expects parameter 1 to be a valid callback, non-static method MetaController::getSocialLinksMeta() should not be called statically G:\server\OSPanel\domains\rating-engine\fw\kernel\components.php in line 130 AT 2018.09.29 15:07:29

(Sys) Time of generate page: 0.02000093460083 AT 2018.09.29 15:07:29
(SQL query count) 7 AT 2018.09.29 15:07:29
(PHP ERR) call_user_func() expects parameter 1 to be a valid callback, non-static method MetaController::getSocialLinksMeta() should not be called statically G:\server\OSPanel\domains\rating-engine\fw\kernel\components.php in line 130 AT 2018.09.29 15:07:29

(Sys) Time of generate page: 0.021001100540161 AT 2018.09.29 15:07:29
(SQL query count) 7 AT 2018.09.29 15:07:29
(PHP ERR) call_user_func() expects parameter 1 to be a valid callback, non-static method MetaController::getSocialLinksMeta() should not be called statically G:\server\OSPanel\domains\rating-engine\fw\kernel\components.php in line 130 AT 2018.09.29 15:07:29

(Sys) Time of generate page: 0.019001007080078 AT 2018.09.29 15:07:29
(SQL query count) 7 AT 2018.09.29 15:07:29
(PHP ERR) call_user_func() expects parameter 1 to be a valid callback, non-static method MetaController::getSocialLinksMeta() should not be called statically G:\server\OSPanel\domains\rating-engine\fw\kernel\components.php in line 130 AT 2018.09.29 15:07:29

(Sys) Time of generate page: 0.020001173019409 AT 2018.09.29 15:07:29
(SQL query count) 7 AT 2018.09.29 15:07:29
(PHP ERR) call_user_func() expects parameter 1 to be a valid callback, non-static method MetaController::getSocialLinksMeta() should not be called statically G:\server\OSPanel\domains\rating-engine\fw\kernel\components.php in line 130 AT 2018.09.29 15:07:29

(Sys) Time of generate page: 0.019001007080078 AT 2018.09.29 15:07:29
(SQL query count) 7 AT 2018.09.29 15:07:29
(PHP ERR) call_user_func() expects parameter 1 to be a valid callback, non-static method MetaController::getSocialLinksMeta() should not be called statically G:\server\OSPanel\domains\rating-engine\fw\kernel\components.php in line 130 AT 2018.09.29 15:07:29

(Sys) Time of generate page: 0.82404708862305 AT 2018.09.29 15:07:30
(SQL query count) 21 AT 2018.09.29 15:07:30
(PHP ERR) call_user_func() expects parameter 1 to be a valid callback, non-static method MetaController::getSocialLinksMeta() should not be called statically G:\server\OSPanel\domains\rating-engine\fw\kernel\components.php in line 130 AT 2018.09.29 15:07:30

(Sys) Time of generate page: 0.82804703712463 AT 2018.09.29 15:07:30
(SQL query count) 7 AT 2018.09.29 15:07:30
(PHP ERR) call_user_func() expects parameter 1 to be a valid callback, non-static method MetaController::getSocialLinksMeta() should not be called statically G:\server\OSPanel\domains\rating-engine\fw\kernel\components.php in line 130 AT 2018.09.29 15:07:30

(Sys) Time of generate page: 0.58803296089172 AT 2018.09.29 15:08:37
(SQL query count) 22 AT 2018.09.29 15:08:37
(PHP ERR) call_user_func() expects parameter 1 to be a valid callback, non-static method MetaController::getSocialLinksMeta() should not be called statically G:\server\OSPanel\domains\rating-engine\fw\kernel\components.php in line 130 AT 2018.09.29 15:08:37

(Sys) Time of generate page: 0.64203691482544 AT 2018.09.29 15:10:33
(SQL query count) 22 AT 2018.09.29 15:10:33
(PHP ERR) call_user_func() expects parameter 1 to be a valid callback, non-static method MetaController::getSocialLinksMeta() should not be called statically G:\server\OSPanel\domains\rating-engine\fw\kernel\components.php in line 130 AT 2018.09.29 15:10:33

(Sys) Time of generate page: 0.040002107620239 AT 2018.09.29 15:10:53
(SQL query count) 7 AT 2018.09.29 15:10:53
(PHP ERR) call_user_func() expects parameter 1 to be a valid callback, non-static method MetaController::getSocialLinksMeta() should not be called statically G:\server\OSPanel\domains\rating-engine\fw\kernel\components.php in line 130 AT 2018.09.29 15:10:53

(Sys) Time of generate page: 0.055003881454468 AT 2018.09.29 15:10:53
(SQL query count) 26 AT 2018.09.29 15:10:53
(SQL ERROR) SELECT * FROM `Cats` WHERE `id`='1' AT 2018.09.29 15:10:53
(SQL ERROR) SELECT * FROM `Cats` WHERE `id`='1' AT 2018.09.29 15:10:53
(SQL ERROR) SELECT * FROM `Cats` WHERE `id`='1' AT 2018.09.29 15:10:53
(SQL ERROR) SELECT * FROM `Site` WHERE `profileid`='12' AT 2018.09.29 15:10:53
(SQL ERROR) SELECT * FROM `Cats` WHERE `id`='2' AT 2018.09.29 15:10:53
(SQL ERROR) SELECT * FROM `Cats` WHERE `id`='2' AT 2018.09.29 15:10:53
(PHP ERR) Undefined index: name G:\server\OSPanel\domains\rating-engine\fw\kernel\packageControll.php in line 36 AT 2018.09.29 15:10:53

(Sys) Time of generate page: 0.016000986099243 AT 2018.09.29 15:10:53
(SQL query count) 1 AT 2018.09.29 15:10:53
(PHP ERR) Undefined index: name G:\server\OSPanel\domains\rating-engine\fw\kernel\packageControll.php in line 36 AT 2018.09.29 15:10:53

(Sys) Time of generate page: 0.030002117156982 AT 2018.09.29 15:10:53
(SQL query count) 1 AT 2018.09.29 15:10:53
(PHP ERR) Undefined index: name G:\server\OSPanel\domains\rating-engine\fw\kernel\packageControll.php in line 36 AT 2018.09.29 15:10:53

(Sys) Time of generate page: 0.015001058578491 AT 2018.09.29 15:10:53
(SQL query count) 1 AT 2018.09.29 15:10:53
(PHP ERR) Undefined index: name G:\server\OSPanel\domains\rating-engine\fw\kernel\packageControll.php in line 36 AT 2018.09.29 15:10:53

(Sys) Time of generate page: 0.024002075195312 AT 2018.09.29 15:10:53
(SQL query count) 1 AT 2018.09.29 15:10:53
(PHP ERR) Undefined index: name G:\server\OSPanel\domains\rating-engine\fw\kernel\packageControll.php in line 36 AT 2018.09.29 15:10:53

(Sys) Time of generate page: 0.016000986099243 AT 2018.09.29 15:10:53
(SQL query count) 1 AT 2018.09.29 15:10:53
(PHP ERR) Undefined index: name G:\server\OSPanel\domains\rating-engine\fw\kernel\packageControll.php in line 36 AT 2018.09.29 15:10:53

(Sys) Time of generate page: 0.015001058578491 AT 2018.09.29 15:10:53
(SQL query count) 1 AT 2018.09.29 15:10:53
(PHP ERR) Undefined index: name G:\server\OSPanel\domains\rating-engine\fw\kernel\packageControll.php in line 36 AT 2018.09.29 15:10:53

(Sys) Time of generate page: 0.016000986099243 AT 2018.09.29 15:10:53
(SQL query count) 1 AT 2018.09.29 15:10:53
(PHP ERR) Undefined index: name G:\server\OSPanel\domains\rating-engine\fw\kernel\packageControll.php in line 36 AT 2018.09.29 15:10:53

(Sys) Time of generate page: 0.014000177383423 AT 2018.09.29 15:10:53
(SQL query count) 0 AT 2018.09.29 15:10:53
(SQL ERROR) SELECT * FROM `Site` WHERE `id`='undefined' AT 2018.09.29 15:10:53
(PHP ERR) Undefined index: name G:\server\OSPanel\domains\rating-engine\fw\kernel\packageControll.php in line 36 AT 2018.09.29 15:10:53

(Sys) Time of generate page: 0.015001058578491 AT 2018.09.29 15:10:54
(SQL query count) 1 AT 2018.09.29 15:10:54
(PHP ERR) Undefined index: name G:\server\OSPanel\domains\rating-engine\fw\kernel\packageControll.php in line 36 AT 2018.09.29 15:10:54

(Sys) Time of generate page: 0.015000820159912 AT 2018.09.29 15:10:54
(SQL query count) 1 AT 2018.09.29 15:10:54
(PHP ERR) Undefined index: name G:\server\OSPanel\domains\rating-engine\fw\kernel\packageControll.php in line 36 AT 2018.09.29 15:10:54

(Sys) Time of generate page: 0.015001058578491 AT 2018.09.29 15:10:54
(SQL query count) 1 AT 2018.09.29 15:10:54
(PHP ERR) Undefined index: name G:\server\OSPanel\domains\rating-engine\fw\kernel\packageControll.php in line 36 AT 2018.09.29 15:10:54

(Sys) Time of generate page: 0.014001131057739 AT 2018.09.29 15:10:54
(SQL query count) 1 AT 2018.09.29 15:10:54
(PHP ERR) Undefined index: name G:\server\OSPanel\domains\rating-engine\fw\kernel\packageControll.php in line 36 AT 2018.09.29 15:10:54

(Sys) Time of generate page: 0.014001131057739 AT 2018.09.29 15:10:54
(SQL query count) 1 AT 2018.09.29 15:10:54
(PHP ERR) Undefined index: name G:\server\OSPanel\domains\rating-engine\fw\kernel\packageControll.php in line 36 AT 2018.09.29 15:10:54

(Sys) Time of generate page: 0.02900218963623 AT 2018.09.29 15:10:54
(SQL query count) 1 AT 2018.09.29 15:10:54
(PHP ERR) Undefined index: name G:\server\OSPanel\domains\rating-engine\fw\kernel\packageControll.php in line 36 AT 2018.09.29 15:10:54

(Sys) Time of generate page: 0.015000820159912 AT 2018.09.29 15:10:54
(SQL query count) 1 AT 2018.09.29 15:10:54
(PHP ERR) Undefined index: name G:\server\OSPanel\domains\rating-engine\fw\kernel\packageControll.php in line 36 AT 2018.09.29 15:10:54

(Sys) Time of generate page: 0.02000093460083 AT 2018.09.29 15:10:54
(SQL query count) 7 AT 2018.09.29 15:10:54
(PHP ERR) call_user_func() expects parameter 1 to be a valid callback, non-static method MetaController::getSocialLinksMeta() should not be called statically G:\server\OSPanel\domains\rating-engine\fw\kernel\components.php in line 130 AT 2018.09.29 15:10:54

(Sys) Time of generate page: 0.020001888275146 AT 2018.09.29 15:10:54
(SQL query count) 7 AT 2018.09.29 15:10:54
(PHP ERR) call_user_func() expects parameter 1 to be a valid callback, non-static method MetaController::getSocialLinksMeta() should not be called statically G:\server\OSPanel\domains\rating-engine\fw\kernel\components.php in line 130 AT 2018.09.29 15:10:54

(Sys) Time of generate page: 0.02000093460083 AT 2018.09.29 15:10:54
(SQL query count) 7 AT 2018.09.29 15:10:54
(PHP ERR) call_user_func() expects parameter 1 to be a valid callback, non-static method MetaController::getSocialLinksMeta() should not be called statically G:\server\OSPanel\domains\rating-engine\fw\kernel\components.php in line 130 AT 2018.09.29 15:10:54

(Sys) Time of generate page: 0.019001007080078 AT 2018.09.29 15:10:54
(SQL query count) 7 AT 2018.09.29 15:10:54
(PHP ERR) call_user_func() expects parameter 1 to be a valid callback, non-static method MetaController::getSocialLinksMeta() should not be called statically G:\server\OSPanel\domains\rating-engine\fw\kernel\components.php in line 130 AT 2018.09.29 15:10:54

(Sys) Time of generate page: 0.02000093460083 AT 2018.09.29 15:10:54
(SQL query count) 7 AT 2018.09.29 15:10:54
(PHP ERR) call_user_func() expects parameter 1 to be a valid callback, non-static method MetaController::getSocialLinksMeta() should not be called statically G:\server\OSPanel\domains\rating-engine\fw\kernel\components.php in line 130 AT 2018.09.29 15:10:54

(Sys) Time of generate page: 0.019001007080078 AT 2018.09.29 15:10:54
(SQL query count) 7 AT 2018.09.29 15:10:54
(PHP ERR) call_user_func() expects parameter 1 to be a valid callback, non-static method MetaController::getSocialLinksMeta() should not be called statically G:\server\OSPanel\domains\rating-engine\fw\kernel\components.php in line 130 AT 2018.09.29 15:10:54

(Sys) Time of generate page: 0.028002023696899 AT 2018.09.29 15:10:54
(SQL query count) 7 AT 2018.09.29 15:10:54
(PHP ERR) call_user_func() expects parameter 1 to be a valid callback, non-static method MetaController::getSocialLinksMeta() should not be called statically G:\server\OSPanel\domains\rating-engine\fw\kernel\components.php in line 130 AT 2018.09.29 15:10:54

(Sys) Time of generate page: 0.018001079559326 AT 2018.09.29 15:10:54
(SQL query count) 7 AT 2018.09.29 15:10:54
(PHP ERR) call_user_func() expects parameter 1 to be a valid callback, non-static method MetaController::getSocialLinksMeta() should not be called statically G:\server\OSPanel\domains\rating-engine\fw\kernel\components.php in line 130 AT 2018.09.29 15:10:54

(Sys) Time of generate page: 0.02000093460083 AT 2018.09.29 15:10:54
(SQL query count) 7 AT 2018.09.29 15:10:54
(PHP ERR) call_user_func() expects parameter 1 to be a valid callback, non-static method MetaController::getSocialLinksMeta() should not be called statically G:\server\OSPanel\domains\rating-engine\fw\kernel\components.php in line 130 AT 2018.09.29 15:10:54

(Sys) Time of generate page: 0.019001007080078 AT 2018.09.29 15:10:54
(SQL query count) 7 AT 2018.09.29 15:10:54
(PHP ERR) call_user_func() expects parameter 1 to be a valid callback, non-static method MetaController::getSocialLinksMeta() should not be called statically G:\server\OSPanel\domains\rating-engine\fw\kernel\components.php in line 130 AT 2018.09.29 15:10:54

(Sys) Time of generate page: 0.019001007080078 AT 2018.09.29 15:10:54
(SQL query count) 7 AT 2018.09.29 15:10:54
(PHP ERR) call_user_func() expects parameter 1 to be a valid callback, non-static method MetaController::getSocialLinksMeta() should not be called statically G:\server\OSPanel\domains\rating-engine\fw\kernel\components.php in line 130 AT 2018.09.29 15:10:54

(Sys) Time of generate page: 0.029000997543335 AT 2018.09.29 15:10:54
(SQL query count) 7 AT 2018.09.29 15:10:54
(PHP ERR) call_user_func() expects parameter 1 to be a valid callback, non-static method MetaController::getSocialLinksMeta() should not be called statically G:\server\OSPanel\domains\rating-engine\fw\kernel\components.php in line 130 AT 2018.09.29 15:10:54

(Sys) Time of generate page: 0.019001007080078 AT 2018.09.29 15:10:54
(SQL query count) 7 AT 2018.09.29 15:10:54
(PHP ERR) call_user_func() expects parameter 1 to be a valid callback, non-static method MetaController::getSocialLinksMeta() should not be called statically G:\server\OSPanel\domains\rating-engine\fw\kernel\components.php in line 130 AT 2018.09.29 15:10:54

(Sys) Time of generate page: 0.02000093460083 AT 2018.09.29 15:10:54
(SQL query count) 7 AT 2018.09.29 15:10:54
(PHP ERR) call_user_func() expects parameter 1 to be a valid callback, non-static method MetaController::getSocialLinksMeta() should not be called statically G:\server\OSPanel\domains\rating-engine\fw\kernel\components.php in line 130 AT 2018.09.29 15:10:54

(Sys) Time of generate page: 0.019001007080078 AT 2018.09.29 15:10:54
(SQL query count) 7 AT 2018.09.29 15:10:54
(PHP ERR) call_user_func() expects parameter 1 to be a valid callback, non-static method MetaController::getSocialLinksMeta() should not be called statically G:\server\OSPanel\domains\rating-engine\fw\kernel\components.php in line 130 AT 2018.09.29 15:10:54

(Sys) Time of generate page: 0.02000093460083 AT 2018.09.29 15:10:54
(SQL query count) 7 AT 2018.09.29 15:10:54
(PHP ERR) call_user_func() expects parameter 1 to be a valid callback, non-static method MetaController::getSocialLinksMeta() should not be called statically G:\server\OSPanel\domains\rating-engine\fw\kernel\components.php in line 130 AT 2018.09.29 15:10:54

(Sys) Time of generate page: 0.019001007080078 AT 2018.09.29 15:10:54
(SQL query count) 7 AT 2018.09.29 15:10:54
(PHP ERR) call_user_func() expects parameter 1 to be a valid callback, non-static method MetaController::getSocialLinksMeta() should not be called statically G:\server\OSPanel\domains\rating-engine\fw\kernel\components.php in line 130 AT 2018.09.29 15:10:54

(Sys) Time of generate page: 0.018001079559326 AT 2018.09.29 15:10:54
(SQL query count) 7 AT 2018.09.29 15:10:54
(PHP ERR) call_user_func() expects parameter 1 to be a valid callback, non-static method MetaController::getSocialLinksMeta() should not be called statically G:\server\OSPanel\domains\rating-engine\fw\kernel\components.php in line 130 AT 2018.09.29 15:10:54

(Sys) Time of generate page: 0.019001007080078 AT 2018.09.29 15:10:54
(SQL query count) 7 AT 2018.09.29 15:10:54
(PHP ERR) call_user_func() expects parameter 1 to be a valid callback, non-static method MetaController::getSocialLinksMeta() should not be called statically G:\server\OSPanel\domains\rating-engine\fw\kernel\components.php in line 130 AT 2018.09.29 15:10:54

(Sys) Time of generate page: 0.019001007080078 AT 2018.09.29 15:10:54
(SQL query count) 7 AT 2018.09.29 15:10:54
(PHP ERR) call_user_func() expects parameter 1 to be a valid callback, non-static method MetaController::getSocialLinksMeta() should not be called statically G:\server\OSPanel\domains\rating-engine\fw\kernel\components.php in line 130 AT 2018.09.29 15:10:54

(Sys) Time of generate page: 0.019001007080078 AT 2018.09.29 15:10:54
(SQL query count) 7 AT 2018.09.29 15:10:54
(PHP ERR) call_user_func() expects parameter 1 to be a valid callback, non-static method MetaController::getSocialLinksMeta() should not be called statically G:\server\OSPanel\domains\rating-engine\fw\kernel\components.php in line 130 AT 2018.09.29 15:10:54

(Sys) Time of generate page: 0.019001007080078 AT 2018.09.29 15:10:54
(SQL query count) 7 AT 2018.09.29 15:10:54
(PHP ERR) call_user_func() expects parameter 1 to be a valid callback, non-static method MetaController::getSocialLinksMeta() should not be called statically G:\server\OSPanel\domains\rating-engine\fw\kernel\components.php in line 130 AT 2018.09.29 15:10:54

(Sys) Time of generate page: 0.021002054214478 AT 2018.09.29 15:10:54
(SQL query count) 7 AT 2018.09.29 15:10:54
(PHP ERR) call_user_func() expects parameter 1 to be a valid callback, non-static method MetaController::getSocialLinksMeta() should not be called statically G:\server\OSPanel\domains\rating-engine\fw\kernel\components.php in line 130 AT 2018.09.29 15:10:54

(Sys) Time of generate page: 0.019001007080078 AT 2018.09.29 15:10:54
(SQL query count) 7 AT 2018.09.29 15:10:54
(PHP ERR) call_user_func() expects parameter 1 to be a valid callback, non-static method MetaController::getSocialLinksMeta() should not be called statically G:\server\OSPanel\domains\rating-engine\fw\kernel\components.php in line 130 AT 2018.09.29 15:10:54

(Sys) Time of generate page: 0.021001100540161 AT 2018.09.29 15:10:54
(SQL query count) 7 AT 2018.09.29 15:10:54
(PHP ERR) call_user_func() expects parameter 1 to be a valid callback, non-static method MetaController::getSocialLinksMeta() should not be called statically G:\server\OSPanel\domains\rating-engine\fw\kernel\components.php in line 130 AT 2018.09.29 15:10:54

(Sys) Time of generate page: 0.02000093460083 AT 2018.09.29 15:10:54
(SQL query count) 7 AT 2018.09.29 15:10:54
(PHP ERR) call_user_func() expects parameter 1 to be a valid callback, non-static method MetaController::getSocialLinksMeta() should not be called statically G:\server\OSPanel\domains\rating-engine\fw\kernel\components.php in line 130 AT 2018.09.29 15:10:54

(Sys) Time of generate page: 0.02000093460083 AT 2018.09.29 15:10:54
(SQL query count) 7 AT 2018.09.29 15:10:54
(PHP ERR) call_user_func() expects parameter 1 to be a valid callback, non-static method MetaController::getSocialLinksMeta() should not be called statically G:\server\OSPanel\domains\rating-engine\fw\kernel\components.php in line 130 AT 2018.09.29 15:10:54

(Sys) Time of generate page: 0.019001007080078 AT 2018.09.29 15:10:54
(SQL query count) 7 AT 2018.09.29 15:10:54
(PHP ERR) call_user_func() expects parameter 1 to be a valid callback, non-static method MetaController::getSocialLinksMeta() should not be called statically G:\server\OSPanel\domains\rating-engine\fw\kernel\components.php in line 130 AT 2018.09.29 15:10:54

(Sys) Time of generate page: 0.019001007080078 AT 2018.09.29 15:10:54
(SQL query count) 7 AT 2018.09.29 15:10:54
(PHP ERR) call_user_func() expects parameter 1 to be a valid callback, non-static method MetaController::getSocialLinksMeta() should not be called statically G:\server\OSPanel\domains\rating-engine\fw\kernel\components.php in line 130 AT 2018.09.29 15:10:54

(Sys) Time of generate page: 0.019001007080078 AT 2018.09.29 15:10:54
(SQL query count) 7 AT 2018.09.29 15:10:54
(PHP ERR) call_user_func() expects parameter 1 to be a valid callback, non-static method MetaController::getSocialLinksMeta() should not be called statically G:\server\OSPanel\domains\rating-engine\fw\kernel\components.php in line 130 AT 2018.09.29 15:10:54

(Sys) Time of generate page: 0.019001960754395 AT 2018.09.29 15:10:54
(SQL query count) 7 AT 2018.09.29 15:10:54
(PHP ERR) call_user_func() expects parameter 1 to be a valid callback, non-static method MetaController::getSocialLinksMeta() should not be called statically G:\server\OSPanel\domains\rating-engine\fw\kernel\components.php in line 130 AT 2018.09.29 15:10:54

(Sys) Time of generate page: 0.019001007080078 AT 2018.09.29 15:10:55
(SQL query count) 7 AT 2018.09.29 15:10:55
(PHP ERR) call_user_func() expects parameter 1 to be a valid callback, non-static method MetaController::getSocialLinksMeta() should not be called statically G:\server\OSPanel\domains\rating-engine\fw\kernel\components.php in line 130 AT 2018.09.29 15:10:55

(Sys) Time of generate page: 0.019001007080078 AT 2018.09.29 15:10:55
(SQL query count) 7 AT 2018.09.29 15:10:55
(PHP ERR) call_user_func() expects parameter 1 to be a valid callback, non-static method MetaController::getSocialLinksMeta() should not be called statically G:\server\OSPanel\domains\rating-engine\fw\kernel\components.php in line 130 AT 2018.09.29 15:10:55

(Sys) Time of generate page: 0.02000093460083 AT 2018.09.29 15:10:55
(SQL query count) 7 AT 2018.09.29 15:10:55
(PHP ERR) call_user_func() expects parameter 1 to be a valid callback, non-static method MetaController::getSocialLinksMeta() should not be called statically G:\server\OSPanel\domains\rating-engine\fw\kernel\components.php in line 130 AT 2018.09.29 15:10:55

(Sys) Time of generate page: 0.020001173019409 AT 2018.09.29 15:10:55
(SQL query count) 7 AT 2018.09.29 15:10:55
(PHP ERR) call_user_func() expects parameter 1 to be a valid callback, non-static method MetaController::getSocialLinksMeta() should not be called statically G:\server\OSPanel\domains\rating-engine\fw\kernel\components.php in line 130 AT 2018.09.29 15:10:55

(Sys) Time of generate page: 0.019001960754395 AT 2018.09.29 15:10:55
(SQL query count) 7 AT 2018.09.29 15:10:55
(PHP ERR) call_user_func() expects parameter 1 to be a valid callback, non-static method MetaController::getSocialLinksMeta() should not be called statically G:\server\OSPanel\domains\rating-engine\fw\kernel\components.php in line 130 AT 2018.09.29 15:10:55

(Sys) Time of generate page: 0.019001007080078 AT 2018.09.29 15:10:55
(SQL query count) 7 AT 2018.09.29 15:10:55
(PHP ERR) call_user_func() expects parameter 1 to be a valid callback, non-static method MetaController::getSocialLinksMeta() should not be called statically G:\server\OSPanel\domains\rating-engine\fw\kernel\components.php in line 130 AT 2018.09.29 15:10:55

(Sys) Time of generate page: 0.02000093460083 AT 2018.09.29 15:10:55
(SQL query count) 7 AT 2018.09.29 15:10:55
(PHP ERR) call_user_func() expects parameter 1 to be a valid callback, non-static method MetaController::getSocialLinksMeta() should not be called statically G:\server\OSPanel\domains\rating-engine\fw\kernel\components.php in line 130 AT 2018.09.29 15:10:55

(Sys) Time of generate page: 0.019001007080078 AT 2018.09.29 15:10:55
(SQL query count) 7 AT 2018.09.29 15:10:55
(PHP ERR) call_user_func() expects parameter 1 to be a valid callback, non-static method MetaController::getSocialLinksMeta() should not be called statically G:\server\OSPanel\domains\rating-engine\fw\kernel\components.php in line 130 AT 2018.09.29 15:10:55

(Sys) Time of generate page: 0.019001007080078 AT 2018.09.29 15:10:55
(SQL query count) 7 AT 2018.09.29 15:10:55
(PHP ERR) call_user_func() expects parameter 1 to be a valid callback, non-static method MetaController::getSocialLinksMeta() should not be called statically G:\server\OSPanel\domains\rating-engine\fw\kernel\components.php in line 130 AT 2018.09.29 15:10:55

(Sys) Time of generate page: 0.019001007080078 AT 2018.09.29 15:10:55
(SQL query count) 7 AT 2018.09.29 15:10:55
(PHP ERR) call_user_func() expects parameter 1 to be a valid callback, non-static method MetaController::getSocialLinksMeta() should not be called statically G:\server\OSPanel\domains\rating-engine\fw\kernel\components.php in line 130 AT 2018.09.29 15:10:55

(Sys) Time of generate page: 0.018001079559326 AT 2018.09.29 15:10:55
(SQL query count) 7 AT 2018.09.29 15:10:55
(PHP ERR) call_user_func() expects parameter 1 to be a valid callback, non-static method MetaController::getSocialLinksMeta() should not be called statically G:\server\OSPanel\domains\rating-engine\fw\kernel\components.php in line 130 AT 2018.09.29 15:10:55

(Sys) Time of generate page: 0.020001173019409 AT 2018.09.29 15:10:55
(SQL query count) 7 AT 2018.09.29 15:10:55
(PHP ERR) call_user_func() expects parameter 1 to be a valid callback, non-static method MetaController::getSocialLinksMeta() should not be called statically G:\server\OSPanel\domains\rating-engine\fw\kernel\components.php in line 130 AT 2018.09.29 15:10:55

(Sys) Time of generate page: 0.019001007080078 AT 2018.09.29 15:10:55
(SQL query count) 7 AT 2018.09.29 15:10:55
(PHP ERR) call_user_func() expects parameter 1 to be a valid callback, non-static method MetaController::getSocialLinksMeta() should not be called statically G:\server\OSPanel\domains\rating-engine\fw\kernel\components.php in line 130 AT 2018.09.29 15:10:55

(Sys) Time of generate page: 0.02000093460083 AT 2018.09.29 15:10:55
(SQL query count) 7 AT 2018.09.29 15:10:55
(PHP ERR) call_user_func() expects parameter 1 to be a valid callback, non-static method MetaController::getSocialLinksMeta() should not be called statically G:\server\OSPanel\domains\rating-engine\fw\kernel\components.php in line 130 AT 2018.09.29 15:10:55

(Sys) Time of generate page: 0.02000093460083 AT 2018.09.29 15:10:55
(SQL query count) 7 AT 2018.09.29 15:10:55
(PHP ERR) call_user_func() expects parameter 1 to be a valid callback, non-static method MetaController::getSocialLinksMeta() should not be called statically G:\server\OSPanel\domains\rating-engine\fw\kernel\components.php in line 130 AT 2018.09.29 15:10:55

(Sys) Time of generate page: 0.019001007080078 AT 2018.09.29 15:10:55
(SQL query count) 7 AT 2018.09.29 15:10:55
(PHP ERR) call_user_func() expects parameter 1 to be a valid callback, non-static method MetaController::getSocialLinksMeta() should not be called statically G:\server\OSPanel\domains\rating-engine\fw\kernel\components.php in line 130 AT 2018.09.29 15:10:55

(Sys) Time of generate page: 0.019001007080078 AT 2018.09.29 15:10:55
(SQL query count) 7 AT 2018.09.29 15:10:55
(PHP ERR) call_user_func() expects parameter 1 to be a valid callback, non-static method MetaController::getSocialLinksMeta() should not be called statically G:\server\OSPanel\domains\rating-engine\fw\kernel\components.php in line 130 AT 2018.09.29 15:10:55

(Sys) Time of generate page: 0.019001007080078 AT 2018.09.29 15:10:55
(SQL query count) 7 AT 2018.09.29 15:10:55
(PHP ERR) call_user_func() expects parameter 1 to be a valid callback, non-static method MetaController::getSocialLinksMeta() should not be called statically G:\server\OSPanel\domains\rating-engine\fw\kernel\components.php in line 130 AT 2018.09.29 15:10:55

(Sys) Time of generate page: 0.018001079559326 AT 2018.09.29 15:10:55
(SQL query count) 7 AT 2018.09.29 15:10:55
(PHP ERR) call_user_func() expects parameter 1 to be a valid callback, non-static method MetaController::getSocialLinksMeta() should not be called statically G:\server\OSPanel\domains\rating-engine\fw\kernel\components.php in line 130 AT 2018.09.29 15:10:55

(Sys) Time of generate page: 0.019001007080078 AT 2018.09.29 15:10:55
(SQL query count) 7 AT 2018.09.29 15:10:55
(PHP ERR) call_user_func() expects parameter 1 to be a valid callback, non-static method MetaController::getSocialLinksMeta() should not be called statically G:\server\OSPanel\domains\rating-engine\fw\kernel\components.php in line 130 AT 2018.09.29 15:10:55

(Sys) Time of generate page: 0.019001007080078 AT 2018.09.29 15:10:55
(SQL query count) 7 AT 2018.09.29 15:10:55
(PHP ERR) call_user_func() expects parameter 1 to be a valid callback, non-static method MetaController::getSocialLinksMeta() should not be called statically G:\server\OSPanel\domains\rating-engine\fw\kernel\components.php in line 130 AT 2018.09.29 15:10:55

(Sys) Time of generate page: 0.018001079559326 AT 2018.09.29 15:10:55
(SQL query count) 7 AT 2018.09.29 15:10:55
(PHP ERR) call_user_func() expects parameter 1 to be a valid callback, non-static method MetaController::getSocialLinksMeta() should not be called statically G:\server\OSPanel\domains\rating-engine\fw\kernel\components.php in line 130 AT 2018.09.29 15:10:55

(Sys) Time of generate page: 0.019001007080078 AT 2018.09.29 15:10:55
(SQL query count) 7 AT 2018.09.29 15:10:55
(PHP ERR) call_user_func() expects parameter 1 to be a valid callback, non-static method MetaController::getSocialLinksMeta() should not be called statically G:\server\OSPanel\domains\rating-engine\fw\kernel\components.php in line 130 AT 2018.09.29 15:10:55

(Sys) Time of generate page: 0.018000841140747 AT 2018.09.29 15:10:55
(SQL query count) 7 AT 2018.09.29 15:10:55
(PHP ERR) call_user_func() expects parameter 1 to be a valid callback, non-static method MetaController::getSocialLinksMeta() should not be called statically G:\server\OSPanel\domains\rating-engine\fw\kernel\components.php in line 130 AT 2018.09.29 15:10:55

(Sys) Time of generate page: 0.019001007080078 AT 2018.09.29 15:10:55
(SQL query count) 7 AT 2018.09.29 15:10:55
(PHP ERR) call_user_func() expects parameter 1 to be a valid callback, non-static method MetaController::getSocialLinksMeta() should not be called statically G:\server\OSPanel\domains\rating-engine\fw\kernel\components.php in line 130 AT 2018.09.29 15:10:55

(Sys) Time of generate page: 0.019001007080078 AT 2018.09.29 15:10:55
(SQL query count) 7 AT 2018.09.29 15:10:55
(PHP ERR) call_user_func() expects parameter 1 to be a valid callback, non-static method MetaController::getSocialLinksMeta() should not be called statically G:\server\OSPanel\domains\rating-engine\fw\kernel\components.php in line 130 AT 2018.09.29 15:10:55

(Sys) Time of generate page: 0.019001007080078 AT 2018.09.29 15:10:55
(SQL query count) 7 AT 2018.09.29 15:10:55
(PHP ERR) call_user_func() expects parameter 1 to be a valid callback, non-static method MetaController::getSocialLinksMeta() should not be called statically G:\server\OSPanel\domains\rating-engine\fw\kernel\components.php in line 130 AT 2018.09.29 15:10:55

(Sys) Time of generate page: 0.018000841140747 AT 2018.09.29 15:10:55
(SQL query count) 7 AT 2018.09.29 15:10:55
(PHP ERR) call_user_func() expects parameter 1 to be a valid callback, non-static method MetaController::getSocialLinksMeta() should not be called statically G:\server\OSPanel\domains\rating-engine\fw\kernel\components.php in line 130 AT 2018.09.29 15:10:55

(Sys) Time of generate page: 0.018001079559326 AT 2018.09.29 15:10:55
(SQL query count) 7 AT 2018.09.29 15:10:55
(PHP ERR) call_user_func() expects parameter 1 to be a valid callback, non-static method MetaController::getSocialLinksMeta() should not be called statically G:\server\OSPanel\domains\rating-engine\fw\kernel\components.php in line 130 AT 2018.09.29 15:10:55

(Sys) Time of generate page: 0.018001079559326 AT 2018.09.29 15:10:55
(SQL query count) 7 AT 2018.09.29 15:10:55
(PHP ERR) call_user_func() expects parameter 1 to be a valid callback, non-static method MetaController::getSocialLinksMeta() should not be called statically G:\server\OSPanel\domains\rating-engine\fw\kernel\components.php in line 130 AT 2018.09.29 15:10:55

(Sys) Time of generate page: 0.018001079559326 AT 2018.09.29 15:10:55
(SQL query count) 7 AT 2018.09.29 15:10:55
(PHP ERR) call_user_func() expects parameter 1 to be a valid callback, non-static method MetaController::getSocialLinksMeta() should not be called statically G:\server\OSPanel\domains\rating-engine\fw\kernel\components.php in line 130 AT 2018.09.29 15:10:55

(Sys) Time of generate page: 0.019001007080078 AT 2018.09.29 15:10:55
(SQL query count) 7 AT 2018.09.29 15:10:55
(PHP ERR) call_user_func() expects parameter 1 to be a valid callback, non-static method MetaController::getSocialLinksMeta() should not be called statically G:\server\OSPanel\domains\rating-engine\fw\kernel\components.php in line 130 AT 2018.09.29 15:10:55

(Sys) Time of generate page: 0.019001007080078 AT 2018.09.29 15:10:55
(SQL query count) 7 AT 2018.09.29 15:10:55
(PHP ERR) call_user_func() expects parameter 1 to be a valid callback, non-static method MetaController::getSocialLinksMeta() should not be called statically G:\server\OSPanel\domains\rating-engine\fw\kernel\components.php in line 130 AT 2018.09.29 15:10:55

(Sys) Time of generate page: 0.26301503181458 AT 2018.09.29 15:10:56
(SQL query count) 17 AT 2018.09.29 15:10:56
(SQL ERROR) SELECT * FROM `Cats` WHERE `id`='1' AT 2018.09.29 15:10:56
(SQL ERROR) SELECT * FROM `Comment` WHERE `reviewid`='32' AND `public_flag`='1' AT 2018.09.29 15:10:56
(SQL ERROR) SELECT * FROM `Comment` WHERE `reviewid`='33' AND `public_flag`='1' AT 2018.09.29 15:10:56
(PHP ERR) call_user_func() expects parameter 1 to be a valid callback, non-static method MetaController::getSocialLinksMeta() should not be called statically G:\server\OSPanel\domains\rating-engine\fw\kernel\components.php in line 130 AT 2018.09.29 15:10:56

(Sys) Time of generate page: 0.26401591300964 AT 2018.09.29 15:10:56
(SQL query count) 7 AT 2018.09.29 15:10:56
(PHP ERR) call_user_func() expects parameter 1 to be a valid callback, non-static method MetaController::getSocialLinksMeta() should not be called statically G:\server\OSPanel\domains\rating-engine\fw\kernel\components.php in line 130 AT 2018.09.29 15:10:56

(Sys) Time of generate page: 0.64003586769104 AT 2018.09.29 15:11:43
(SQL query count) 22 AT 2018.09.29 15:11:43
(PHP ERR) call_user_func() expects parameter 1 to be a valid callback, non-static method MetaController::getSocialLinksMeta() should not be called statically G:\server\OSPanel\domains\rating-engine\fw\kernel\components.php in line 130 AT 2018.09.29 15:11:43

(Sys) Time of generate page: 1.0070569515228 AT 2018.09.29 15:15:00
(SQL query count) 22 AT 2018.09.29 15:15:00
(PHP ERR) call_user_func() expects parameter 1 to be a valid callback, non-static method MetaController::getSocialLinksMeta() should not be called statically G:\server\OSPanel\domains\rating-engine\fw\kernel\components.php in line 130 AT 2018.09.29 15:15:00

(Sys) Time of generate page: 0.042001962661743 AT 2018.09.29 15:15:36
(SQL query count) 7 AT 2018.09.29 15:15:36
(PHP ERR) call_user_func() expects parameter 1 to be a valid callback, non-static method MetaController::getSocialLinksMeta() should not be called statically G:\server\OSPanel\domains\rating-engine\fw\kernel\components.php in line 130 AT 2018.09.29 15:15:36

(Sys) Time of generate page: 0.093004941940308 AT 2018.09.29 15:15:37
(SQL query count) 27 AT 2018.09.29 15:15:37
(SQL ERROR) SELECT * FROM `Cats` WHERE `id`='1' AT 2018.09.29 15:15:37
(SQL ERROR) SELECT * FROM `Cats` WHERE `id`='1' AT 2018.09.29 15:15:37
(SQL ERROR) SELECT * FROM `Cats` WHERE `id`='1' AT 2018.09.29 15:15:37
(SQL ERROR) SELECT * FROM `Site` WHERE `profileid`='12' AT 2018.09.29 15:15:37
(SQL ERROR) SELECT * FROM `Cats` WHERE `id`='2' AT 2018.09.29 15:15:37
(SQL ERROR) SELECT * FROM `Cats` WHERE `id`='2' AT 2018.09.29 15:15:37
(PHP ERR) Undefined index: name G:\server\OSPanel\domains\rating-engine\fw\kernel\packageControll.php in line 36 AT 2018.09.29 15:15:37

(Sys) Time of generate page: 0.018000841140747 AT 2018.09.29 15:15:37
(SQL query count) 1 AT 2018.09.29 15:15:37
(PHP ERR) Undefined index: name G:\server\OSPanel\domains\rating-engine\fw\kernel\packageControll.php in line 36 AT 2018.09.29 15:15:37

(Sys) Time of generate page: 0.033002138137817 AT 2018.09.29 15:15:37
(SQL query count) 1 AT 2018.09.29 15:15:37
(PHP ERR) Undefined index: name G:\server\OSPanel\domains\rating-engine\fw\kernel\packageControll.php in line 36 AT 2018.09.29 15:15:37

(Sys) Time of generate page: 0.016000032424927 AT 2018.09.29 15:15:37
(SQL query count) 1 AT 2018.09.29 15:15:37
(PHP ERR) Undefined index: name G:\server\OSPanel\domains\rating-engine\fw\kernel\packageControll.php in line 36 AT 2018.09.29 15:15:37

(Sys) Time of generate page: 0.019001007080078 AT 2018.09.29 15:15:37
(SQL query count) 1 AT 2018.09.29 15:15:37
(PHP ERR) Undefined index: name G:\server\OSPanel\domains\rating-engine\fw\kernel\packageControll.php in line 36 AT 2018.09.29 15:15:37

(Sys) Time of generate page: 0.029000997543335 AT 2018.09.29 15:15:37
(SQL query count) 1 AT 2018.09.29 15:15:37
(PHP ERR) Undefined index: name G:\server\OSPanel\domains\rating-engine\fw\kernel\packageControll.php in line 36 AT 2018.09.29 15:15:37

(Sys) Time of generate page: 0.018001079559326 AT 2018.09.29 15:15:37
(SQL query count) 1 AT 2018.09.29 15:15:37
(PHP ERR) Undefined index: name G:\server\OSPanel\domains\rating-engine\fw\kernel\packageControll.php in line 36 AT 2018.09.29 15:15:37

(Sys) Time of generate page: 0.016999959945679 AT 2018.09.29 15:15:37
(SQL query count) 1 AT 2018.09.29 15:15:37
(PHP ERR) Undefined index: name G:\server\OSPanel\domains\rating-engine\fw\kernel\packageControll.php in line 36 AT 2018.09.29 15:15:37

(Sys) Time of generate page: 0.016000986099243 AT 2018.09.29 15:15:37
(SQL query count) 0 AT 2018.09.29 15:15:37
(SQL ERROR) SELECT * FROM `Site` WHERE `id`='undefined' AT 2018.09.29 15:15:37
(PHP ERR) Undefined index: name G:\server\OSPanel\domains\rating-engine\fw\kernel\packageControll.php in line 36 AT 2018.09.29 15:15:37

(Sys) Time of generate page: 0.016001224517822 AT 2018.09.29 15:15:37
(SQL query count) 1 AT 2018.09.29 15:15:37
(PHP ERR) Undefined index: name G:\server\OSPanel\domains\rating-engine\fw\kernel\packageControll.php in line 36 AT 2018.09.29 15:15:37

(Sys) Time of generate page: 0.014001131057739 AT 2018.09.29 15:15:37
(SQL query count) 1 AT 2018.09.29 15:15:37
(PHP ERR) Undefined index: name G:\server\OSPanel\domains\rating-engine\fw\kernel\packageControll.php in line 36 AT 2018.09.29 15:15:37

(Sys) Time of generate page: 0.015000820159912 AT 2018.09.29 15:15:38
(SQL query count) 1 AT 2018.09.29 15:15:38
(PHP ERR) Undefined index: name G:\server\OSPanel\domains\rating-engine\fw\kernel\packageControll.php in line 36 AT 2018.09.29 15:15:38

(Sys) Time of generate page: 0.029000997543335 AT 2018.09.29 15:15:38
(SQL query count) 1 AT 2018.09.29 15:15:38
(PHP ERR) Undefined index: name G:\server\OSPanel\domains\rating-engine\fw\kernel\packageControll.php in line 36 AT 2018.09.29 15:15:38

(Sys) Time of generate page: 0.015000820159912 AT 2018.09.29 15:15:38
(SQL query count) 1 AT 2018.09.29 15:15:38
(PHP ERR) Undefined index: name G:\server\OSPanel\domains\rating-engine\fw\kernel\packageControll.php in line 36 AT 2018.09.29 15:15:38

(Sys) Time of generate page: 0.015001058578491 AT 2018.09.29 15:15:38
(SQL query count) 1 AT 2018.09.29 15:15:38
(PHP ERR) Undefined index: name G:\server\OSPanel\domains\rating-engine\fw\kernel\packageControll.php in line 36 AT 2018.09.29 15:15:38

(Sys) Time of generate page: 0.016000986099243 AT 2018.09.29 15:15:38
(SQL query count) 1 AT 2018.09.29 15:15:38
(PHP ERR) Undefined index: name G:\server\OSPanel\domains\rating-engine\fw\kernel\packageControll.php in line 36 AT 2018.09.29 15:15:38

(Sys) Time of generate page: 0.023000955581665 AT 2018.09.29 15:15:38
(SQL query count) 7 AT 2018.09.29 15:15:38
(PHP ERR) call_user_func() expects parameter 1 to be a valid callback, non-static method MetaController::getSocialLinksMeta() should not be called statically G:\server\OSPanel\domains\rating-engine\fw\kernel\components.php in line 130 AT 2018.09.29 15:15:38

(Sys) Time of generate page: 0.024001836776733 AT 2018.09.29 15:15:38
(SQL query count) 7 AT 2018.09.29 15:15:38
(PHP ERR) call_user_func() expects parameter 1 to be a valid callback, non-static method MetaController::getSocialLinksMeta() should not be called statically G:\server\OSPanel\domains\rating-engine\fw\kernel\components.php in line 130 AT 2018.09.29 15:15:38

(Sys) Time of generate page: 0.97705578804016 AT 2018.09.29 15:15:39
(SQL query count) 22 AT 2018.09.29 15:15:39
(PHP ERR) call_user_func() expects parameter 1 to be a valid callback, non-static method MetaController::getSocialLinksMeta() should not be called statically G:\server\OSPanel\domains\rating-engine\fw\kernel\components.php in line 130 AT 2018.09.29 15:15:39

(Sys) Time of generate page: 0.98805713653564 AT 2018.09.29 15:15:39
(SQL query count) 7 AT 2018.09.29 15:15:39
(PHP ERR) call_user_func() expects parameter 1 to be a valid callback, non-static method MetaController::getSocialLinksMeta() should not be called statically G:\server\OSPanel\domains\rating-engine\fw\kernel\components.php in line 130 AT 2018.09.29 15:15:39